2022-09-20T15:51:53.766 application=que [info] [Que] Booting Que
2022-09-20T15:51:53.766 application=que [info] [Que] Booting Server Supervisor for Workers
2022-09-20T15:51:53.772 application=explorer [info] tx/per day chart: collect records for txs per day stats
2022-09-20T15:51:53.772 application=explorer [info] tx/per day chart: earliest date 2022-08-12 00:00:00Z
2022-09-20T15:51:53.772 application=explorer [info] tx/per day chart: latest date 2022-08-12 23:59:59Z
2022-09-20T15:51:53.783 application=explorer [info] tx/per day chart: collect records for txs per day stats
2022-09-20T15:51:53.783 application=explorer [info] tx/per day chart: earliest date 2022-08-13 00:00:00Z
2022-09-20T15:51:53.784 application=explorer [info] tx/per day chart: latest date 2022-08-13 23:59:59Z
2022-09-20T15:51:53.789 application=explorer [info] tx/per day chart: collect records for txs per day stats
2022-09-20T15:51:53.789 application=explorer [info] tx/per day chart: earliest date 2022-08-14 00:00:00Z
2022-09-20T15:51:53.789 application=explorer [info] tx/per day chart: latest date 2022-08-14 23:59:59Z
2022-09-20T15:51:53.793 application=explorer [info] tx/per day chart: collect records for txs per day stats
2022-09-20T15:51:53.793 application=explorer [info] tx/per day chart: earliest date 2022-08-15 00:00:00Z
2022-09-20T15:51:53.793 application=explorer [info] tx/per day chart: latest date 2022-08-15 23:59:59Z
2022-09-20T15:51:53.796 application=explorer [info] tx/per day chart: collect records for txs per day stats
2022-09-20T15:51:53.796 application=explorer [info] tx/per day chart: earliest date 2022-08-16 00:00:00Z
2022-09-20T15:51:53.796 application=explorer [info] tx/per day chart: latest date 2022-08-16 23:59:59Z
2022-09-20T15:51:53.797 application=phoenix [info] Running BlockScoutWeb.Endpoint with cowboy 2.9.0 at 0.0.0.0:4000 (http)
2022-09-20T15:51:53.800 application=phoenix [info] Access BlockScoutWeb.Endpoint at https://localhost:4000
** (Mix) No such file: /home/jackob/code/hec-test/mix.log
2022-09-20T15:52:35.635 application=que [info] [Que] Booting Que
2022-09-20T15:52:35.635 application=que [info] [Que] Booting Server Supervisor for Workers
2022-09-20T15:52:35.640 application=explorer [info] tx/per day chart: collect records for txs per day stats
2022-09-20T15:52:35.640 application=explorer [info] tx/per day chart: earliest date 2022-08-12 00:00:00Z
2022-09-20T15:52:35.640 application=explorer [info] tx/per day chart: latest date 2022-08-12 23:59:59Z
2022-09-20T15:52:35.652 application=explorer [info] tx/per day chart: collect records for txs per day stats
2022-09-20T15:52:35.652 application=explorer [info] tx/per day chart: earliest date 2022-08-13 00:00:00Z
2022-09-20T15:52:35.652 application=explorer [info] tx/per day chart: latest date 2022-08-13 23:59:59Z
2022-09-20T15:52:35.659 application=explorer [info] tx/per day chart: collect records for txs per day stats
2022-09-20T15:52:35.659 application=explorer [info] tx/per day chart: earliest date 2022-08-14 00:00:00Z
2022-09-20T15:52:35.659 application=explorer [info] tx/per day chart: latest date 2022-08-14 23:59:59Z
2022-09-20T15:52:35.664 application=explorer [info] tx/per day chart: collect records for txs per day stats
2022-09-20T15:52:35.664 application=explorer [info] tx/per day chart: earliest date 2022-08-15 00:00:00Z
2022-09-20T15:52:35.664 application=explorer [info] tx/per day chart: latest date 2022-08-15 23:59:59Z
2022-09-20T15:52:35.668 application=explorer [info] tx/per day chart: collect records for txs per day stats
2022-09-20T15:52:35.668 application=explorer [info] tx/per day chart: earliest date 2022-08-16 00:00:00Z
2022-09-20T15:52:35.668 application=explorer [info] tx/per day chart: latest date 2022-08-16 23:59:59Z
2022-09-20T15:52:35.670 application=phoenix [info] Running BlockScoutWeb.Endpoint with cowboy 2.9.0 at 0.0.0.0:4000 (http)
2022-09-20T15:52:35.672 application=explorer [info] tx/per day chart: collect records for txs per day stats
2022-09-20T15:52:35.673 application=explorer [info] tx/per day chart: earliest date 2022-08-17 00:00:00Z
2022-09-20T15:52:35.673 application=explorer [info] tx/per day chart: latest date 2022-08-17 23:59:59Z
2022-09-20T15:52:35.673 application=phoenix [info] Access BlockScoutWeb.Endpoint at https://localhost:4000
** (Mix) No such file: /root/code/hec-test/mix.log
